[0.017s] Invoking command in '/home/user/ros2_ws/src/build/topic_publisher_pkg': CMAKE_PREFIX_PATH=${CMAKE_PREFIX_PATH}:/home/simulations/ros2_sims_ws/install/services_pkg:/home/simulations/ros2_sims_ws/install/parameter_tests:/opt/ros/humble _=/usr/bin/env /usr/bin/cmake /home/user/ros2_ws/src/topic_publisher_pkg -DCMAKE_INSTALL_PREFIX=/home/user/ros2_ws/src/install/topic_publisher_pkg
[0.079s] -- The C compiler identification is GNU 11.2.0
[0.146s] -- The CXX compiler identification is GNU 11.2.0
[0.154s] -- Detecting C compiler ABI info
[0.240s] -- Detecting C compiler ABI info - done
[0.250s] -- Check for working C compiler: /usr/bin/cc - skipped
[0.250s] -- Detecting C compile features
[0.251s] -- Detecting C compile features - done
[0.255s] -- Detecting CXX compiler ABI info
[0.356s] -- Detecting CXX compiler ABI info - done
[0.366s] -- Check for working CXX compiler: /usr/bin/c++ - skipped
[0.366s] -- Detecting CXX compile features
[0.367s] -- Detecting CXX compile features - done
[0.372s] -- Found ament_cmake: 1.3.2 (/opt/ros/humble/share/ament_cmake/cmake)
[0.594s] -- Found Python3: /usr/bin/python3.10 (found version "3.10.6") found components: Interpreter 
[0.737s] -- Found rclcpp: 16.0.1 (/opt/ros/humble/share/rclcpp/cmake)
[0.834s] -- Found rosidl_generator_c: 3.1.3 (/opt/ros/humble/share/rosidl_generator_c/cmake)
[0.844s] -- Found rosidl_adapter: 3.1.3 (/opt/ros/humble/share/rosidl_adapter/cmake)
[0.859s] -- Found rosidl_generator_cpp: 3.1.3 (/opt/ros/humble/share/rosidl_generator_cpp/cmake)
[0.884s] -- Using all available rosidl_typesupport_c: rosidl_typesupport_fastrtps_c;rosidl_typesupport_introspection_c
[0.919s] -- Using all available rosidl_typesupport_cpp: rosidl_typesupport_fastrtps_cpp;rosidl_typesupport_introspection_cpp
[1.036s] -- Found rmw_implementation_cmake: 6.1.0 (/opt/ros/humble/share/rmw_implementation_cmake/cmake)
[1.043s] -- Found rmw_fastrtps_cpp: 6.2.1 (/opt/ros/humble/share/rmw_fastrtps_cpp/cmake)
[1.211s] -- Found OpenSSL: /usr/lib/x86_64-linux-gnu/libcrypto.so (found version "3.0.2")  
[1.261s] -- Found FastRTPS: /opt/ros/humble/include  
[1.348s] -- Using RMW implementation 'rmw_fastrtps_cpp' as default
[1.586s] -- Found ament_lint_auto: 0.12.4 (/opt/ros/humble/share/ament_lint_auto/cmake)
[1.702s] -- Added test 'flake8' to check Python code syntax and style conventions
[1.703s] -- Added test 'lint_cmake' to check CMake code style
[1.704s] -- Added test 'pep257' to check Python code against some of the docstring style conventions in PEP 257
[1.706s] -- Added test 'xmllint' to check XML markup files
[1.708s] -- Configuring done
[1.716s] -- Generating done
[1.718s] -- Build files have been written to: /home/user/ros2_ws/src/build/topic_publisher_pkg
[1.732s] Invoked command in '/home/user/ros2_ws/src/build/topic_publisher_pkg' returned '0': CMAKE_PREFIX_PATH=${CMAKE_PREFIX_PATH}:/home/simulations/ros2_sims_ws/install/services_pkg:/home/simulations/ros2_sims_ws/install/parameter_tests:/opt/ros/humble _=/usr/bin/env /usr/bin/cmake /home/user/ros2_ws/src/topic_publisher_pkg -DCMAKE_INSTALL_PREFIX=/home/user/ros2_ws/src/install/topic_publisher_pkg
[1.735s] Invoking command in '/home/user/ros2_ws/src/build/topic_publisher_pkg': CMAKE_PREFIX_PATH=${CMAKE_PREFIX_PATH}:/home/simulations/ros2_sims_ws/install/services_pkg:/home/simulations/ros2_sims_ws/install/parameter_tests:/opt/ros/humble _=/usr/bin/env /usr/bin/cmake --build /home/user/ros2_ws/src/build/topic_publisher_pkg -- -j8 -l8
[1.793s] Invoked command in '/home/user/ros2_ws/src/build/topic_publisher_pkg' returned '0': CMAKE_PREFIX_PATH=${CMAKE_PREFIX_PATH}:/home/simulations/ros2_sims_ws/install/services_pkg:/home/simulations/ros2_sims_ws/install/parameter_tests:/opt/ros/humble _=/usr/bin/env /usr/bin/cmake --build /home/user/ros2_ws/src/build/topic_publisher_pkg -- -j8 -l8
[1.846s] Invoking command in '/home/user/ros2_ws/src/build/topic_publisher_pkg': CMAKE_PREFIX_PATH=${CMAKE_PREFIX_PATH}:/home/simulations/ros2_sims_ws/install/services_pkg:/home/simulations/ros2_sims_ws/install/parameter_tests:/opt/ros/humble _=/usr/bin/env /usr/bin/cmake --install /home/user/ros2_ws/src/build/topic_publisher_pkg
[1.852s] -- Install configuration: ""
[1.852s] -- Installing: /home/user/ros2_ws/src/install/topic_publisher_pkg/share/ament_index/resource_index/package_run_dependencies/topic_publisher_pkg
[1.853s] -- Installing: /home/user/ros2_ws/src/install/topic_publisher_pkg/share/ament_index/resource_index/parent_prefix_path/topic_publisher_pkg
[1.853s] -- Installing: /home/user/ros2_ws/src/install/topic_publisher_pkg/share/topic_publisher_pkg/environment/ament_prefix_path.sh
[1.853s] -- Installing: /home/user/ros2_ws/src/install/topic_publisher_pkg/share/topic_publisher_pkg/environment/ament_prefix_path.dsv
[1.853s] -- Installing: /home/user/ros2_ws/src/install/topic_publisher_pkg/share/topic_publisher_pkg/environment/path.sh
[1.854s] -- Installing: /home/user/ros2_ws/src/install/topic_publisher_pkg/share/topic_publisher_pkg/environment/path.dsv
[1.854s] -- Installing: /home/user/ros2_ws/src/install/topic_publisher_pkg/share/topic_publisher_pkg/local_setup.bash
[1.854s] -- Installing: /home/user/ros2_ws/src/install/topic_publisher_pkg/share/topic_publisher_pkg/local_setup.sh
[1.854s] -- Installing: /home/user/ros2_ws/src/install/topic_publisher_pkg/share/topic_publisher_pkg/local_setup.zsh
[1.855s] -- Installing: /home/user/ros2_ws/src/install/topic_publisher_pkg/share/topic_publisher_pkg/local_setup.dsv
[1.855s] -- Installing: /home/user/ros2_ws/src/install/topic_publisher_pkg/share/topic_publisher_pkg/package.dsv
[1.855s] -- Installing: /home/user/ros2_ws/src/install/topic_publisher_pkg/share/ament_index/resource_index/packages/topic_publisher_pkg
[1.855s] -- Installing: /home/user/ros2_ws/src/install/topic_publisher_pkg/share/topic_publisher_pkg/cmake/topic_publisher_pkgConfig.cmake
[1.855s] -- Installing: /home/user/ros2_ws/src/install/topic_publisher_pkg/share/topic_publisher_pkg/cmake/topic_publisher_pkgConfig-version.cmake
[1.856s] -- Installing: /home/user/ros2_ws/src/install/topic_publisher_pkg/share/topic_publisher_pkg/package.xml
[1.860s] Invoked command in '/home/user/ros2_ws/src/build/topic_publisher_pkg' returned '0': CMAKE_PREFIX_PATH=${CMAKE_PREFIX_PATH}:/home/simulations/ros2_sims_ws/install/services_pkg:/home/simulations/ros2_sims_ws/install/parameter_tests:/opt/ros/humble _=/usr/bin/env /usr/bin/cmake --install /home/user/ros2_ws/src/build/topic_publisher_pkg
