[0.026s] Invoking command in '/home/user/ros2_ws/src/build/my_package': CMAKE_PREFIX_PATH=${CMAKE_PREFIX_PATH}:/home/simulations/ros2_sims_ws/install/services_pkg:/home/simulations/ros2_sims_ws/install/parameter_tests:/opt/ros/humble _=/usr/bin/env /usr/bin/cmake /home/user/ros2_ws/src/my_package -DCMAKE_INSTALL_PREFIX=/home/user/ros2_ws/src/install/my_package
[0.094s] -- The C compiler identification is GNU 11.2.0
[0.162s] -- The CXX compiler identification is GNU 11.2.0
[0.170s] -- Detecting C compiler ABI info
[0.254s] -- Detecting C compiler ABI info - done
[0.262s] -- Check for working C compiler: /usr/bin/cc - skipped
[0.263s] -- Detecting C compile features
[0.263s] -- Detecting C compile features - done
[0.267s] -- Detecting CXX compiler ABI info
[0.376s] -- Detecting CXX compiler ABI info - done
[0.386s] -- Check for working CXX compiler: /usr/bin/c++ - skipped
[0.386s] -- Detecting CXX compile features
[0.386s] -- Detecting CXX compile features - done
[0.393s] -- Found ament_cmake: 1.3.2 (/opt/ros/humble/share/ament_cmake/cmake)
[0.604s] -- Found Python3: /usr/bin/python3.10 (found version "3.10.6") found components: Interpreter 
[0.762s] -- Found rclcpp: 16.0.1 (/opt/ros/humble/share/rclcpp/cmake)
[0.863s] -- Found rosidl_generator_c: 3.1.3 (/opt/ros/humble/share/rosidl_generator_c/cmake)
[0.874s] -- Found rosidl_adapter: 3.1.3 (/opt/ros/humble/share/rosidl_adapter/cmake)
[0.889s] -- Found rosidl_generator_cpp: 3.1.3 (/opt/ros/humble/share/rosidl_generator_cpp/cmake)
[0.914s] -- Using all available rosidl_typesupport_c: rosidl_typesupport_fastrtps_c;rosidl_typesupport_introspection_c
[0.946s] -- Using all available rosidl_typesupport_cpp: rosidl_typesupport_fastrtps_cpp;rosidl_typesupport_introspection_cpp
[1.067s] -- Found rmw_implementation_cmake: 6.1.0 (/opt/ros/humble/share/rmw_implementation_cmake/cmake)
[1.075s] -- Found rmw_fastrtps_cpp: 6.2.1 (/opt/ros/humble/share/rmw_fastrtps_cpp/cmake)
[1.248s] -- Found OpenSSL: /usr/lib/x86_64-linux-gnu/libcrypto.so (found version "3.0.2")  
[1.296s] -- Found FastRTPS: /opt/ros/humble/include  
[1.382s] -- Using RMW implementation 'rmw_fastrtps_cpp' as default
[1.616s] -- Found ament_lint_auto: 0.12.4 (/opt/ros/humble/share/ament_lint_auto/cmake)
[1.744s] -- Added test 'lint_cmake' to check CMake code style
[1.749s] -- Added test 'xmllint' to check XML markup files
[1.749s] -- Configuring done
[1.754s] -- Generating done
[1.756s] -- Build files have been written to: /home/user/ros2_ws/src/build/my_package
[1.772s] Invoked command in '/home/user/ros2_ws/src/build/my_package' returned '0': CMAKE_PREFIX_PATH=${CMAKE_PREFIX_PATH}:/home/simulations/ros2_sims_ws/install/services_pkg:/home/simulations/ros2_sims_ws/install/parameter_tests:/opt/ros/humble _=/usr/bin/env /usr/bin/cmake /home/user/ros2_ws/src/my_package -DCMAKE_INSTALL_PREFIX=/home/user/ros2_ws/src/install/my_package
[1.773s] Invoking command in '/home/user/ros2_ws/src/build/my_package': CMAKE_PREFIX_PATH=${CMAKE_PREFIX_PATH}:/home/simulations/ros2_sims_ws/install/services_pkg:/home/simulations/ros2_sims_ws/install/parameter_tests:/opt/ros/humble _=/usr/bin/env /usr/bin/cmake --build /home/user/ros2_ws/src/build/my_package -- -j8 -l8
[1.822s] Invoked command in '/home/user/ros2_ws/src/build/my_package' returned '0': CMAKE_PREFIX_PATH=${CMAKE_PREFIX_PATH}:/home/simulations/ros2_sims_ws/install/services_pkg:/home/simulations/ros2_sims_ws/install/parameter_tests:/opt/ros/humble _=/usr/bin/env /usr/bin/cmake --build /home/user/ros2_ws/src/build/my_package -- -j8 -l8
[1.863s] Invoking command in '/home/user/ros2_ws/src/build/my_package': CMAKE_PREFIX_PATH=${CMAKE_PREFIX_PATH}:/home/simulations/ros2_sims_ws/install/services_pkg:/home/simulations/ros2_sims_ws/install/parameter_tests:/opt/ros/humble _=/usr/bin/env /usr/bin/cmake --install /home/user/ros2_ws/src/build/my_package
[1.869s] -- Install configuration: ""
[1.870s] -- Installing: /home/user/ros2_ws/src/install/my_package/share/ament_index/resource_index/package_run_dependencies/my_package
[1.870s] -- Installing: /home/user/ros2_ws/src/install/my_package/share/ament_index/resource_index/parent_prefix_path/my_package
[1.871s] -- Installing: /home/user/ros2_ws/src/install/my_package/share/my_package/environment/ament_prefix_path.sh
[1.874s] -- Installing: /home/user/ros2_ws/src/install/my_package/share/my_package/environment/ament_prefix_path.dsv
[1.874s] -- Installing: /home/user/ros2_ws/src/install/my_package/share/my_package/environment/path.sh
[1.874s] -- Installing: /home/user/ros2_ws/src/install/my_package/share/my_package/environment/path.dsv
[1.874s] -- Installing: /home/user/ros2_ws/src/install/my_package/share/my_package/local_setup.bash
[1.875s] -- Installing: /home/user/ros2_ws/src/install/my_package/share/my_package/local_setup.sh
[1.875s] -- Installing: /home/user/ros2_ws/src/install/my_package/share/my_package/local_setup.zsh
[1.875s] -- Installing: /home/user/ros2_ws/src/install/my_package/share/my_package/local_setup.dsv
[1.875s] -- Installing: /home/user/ros2_ws/src/install/my_package/share/my_package/package.dsv
[1.875s] -- Installing: /home/user/ros2_ws/src/install/my_package/share/ament_index/resource_index/packages/my_package
[1.875s] -- Installing: /home/user/ros2_ws/src/install/my_package/share/my_package/cmake/my_packageConfig.cmake
[1.875s] -- Installing: /home/user/ros2_ws/src/install/my_package/share/my_package/cmake/my_packageConfig-version.cmake
[1.875s] -- Installing: /home/user/ros2_ws/src/install/my_package/share/my_package/package.xml
[1.895s] Invoked command in '/home/user/ros2_ws/src/build/my_package' returned '0': CMAKE_PREFIX_PATH=${CMAKE_PREFIX_PATH}:/home/simulations/ros2_sims_ws/install/services_pkg:/home/simulations/ros2_sims_ws/install/parameter_tests:/opt/ros/humble _=/usr/bin/env /usr/bin/cmake --install /home/user/ros2_ws/src/build/my_package
